nohup: ignoring input
[pretrain] arch=vgg16_bn gpu=0 epochs=160 lr=0.1 log=/scratch/s25017/MUKSB/Classification/checkpoints/vgg16_bn_cifar10/pretrain.log
====== PRE-TRAIN vgg16_bn on cifar10 ======
Setup random seed = 2
Dataset: CIFAR-10  |  45k train, 5k val, 10k test
Dataset: CIFAR-10  |  45k train, 5k val, 10k test
Setup random seed = 1
The normalize layer is contained in the network
number of train dataset 45000
number of val dataset 5000
Epoch #0, Learning rate: 0.1
Epoch: [0][49/176]	Loss 1.9544 (2.1428)	Accuracy 21.484 (16.523)	Time 10.06
Epoch: [0][99/176]	Loss 1.9419 (2.0008)	Accuracy 26.172 (20.441)	Time 3.05
Epoch: [0][149/176]	Loss 1.6077 (1.9076)	Accuracy 37.500 (24.339)	Time 3.01
train_accuracy 26.311
Test: [0/20]	Loss 2.2122 (2.2122)	Accuracy 9.375 (9.375)
one epoch duration:21.932505130767822
Epoch #1, Learning rate: 0.1
Epoch: [1][49/176]	Loss 1.3691 (1.5261)	Accuracy 47.656 (41.109)	Time 2.92
Epoch: [1][99/176]	Loss 1.3138 (1.4618)	Accuracy 49.609 (45.027)	Time 2.97
Epoch: [1][149/176]	Loss 1.2399 (1.4000)	Accuracy 53.906 (48.010)	Time 3.05
train_accuracy 49.449
Test: [0/20]	Loss 1.5711 (1.5711)	Accuracy 45.703 (45.703)
one epoch duration:14.82136583328247
Epoch #2, Learning rate: 0.1
Epoch: [2][49/176]	Loss 0.9571 (1.1350)	Accuracy 68.359 (60.445)	Time 3.04
Epoch: [2][99/176]	Loss 1.0536 (1.0913)	Accuracy 62.891 (61.781)	Time 3.06
Epoch: [2][149/176]	Loss 0.9584 (1.0576)	Accuracy 67.188 (63.161)	Time 3.05
train_accuracy 63.649
Test: [0/20]	Loss 1.1280 (1.1280)	Accuracy 63.672 (63.672)
one epoch duration:14.883464574813843
Epoch #3, Learning rate: 0.1
Epoch: [3][49/176]	Loss 0.8007 (0.8797)	Accuracy 74.609 (70.062)	Time 3.07
Epoch: [3][99/176]	Loss 0.9037 (0.8627)	Accuracy 71.484 (70.684)	Time 3.42
Epoch: [3][149/176]	Loss 0.7876 (0.8511)	Accuracy 74.609 (71.141)	Time 3.39
train_accuracy 71.487
Test: [0/20]	Loss 1.7122 (1.7122)	Accuracy 46.484 (46.484)
one epoch duration:15.71996283531189
Epoch #4, Learning rate: 0.1
Epoch: [4][49/176]	Loss 0.8193 (0.7464)	Accuracy 71.875 (75.125)	Time 3.20
Epoch: [4][99/176]	Loss 0.6104 (0.7301)	Accuracy 77.344 (75.508)	Time 3.02
Epoch: [4][149/176]	Loss 0.7431 (0.7324)	Accuracy 75.781 (75.440)	Time 3.08
train_accuracy 75.496
Test: [0/20]	Loss 0.6916 (0.6916)	Accuracy 75.781 (75.781)
one epoch duration:15.173418521881104
Epoch #5, Learning rate: 0.1
Epoch: [5][49/176]	Loss 0.5696 (0.6733)	Accuracy 80.469 (77.203)	Time 3.03
Epoch: [5][99/176]	Loss 0.6330 (0.6633)	Accuracy 76.562 (77.652)	Time 3.02
Epoch: [5][149/176]	Loss 0.6002 (0.6513)	Accuracy 81.250 (78.091)	Time 3.19
train_accuracy 78.151
Test: [0/20]	Loss 0.7070 (0.7070)	Accuracy 75.000 (75.000)
one epoch duration:12.957917928695679
Epoch #6, Learning rate: 0.1
Epoch: [6][49/176]	Loss 0.5686 (0.6137)	Accuracy 81.250 (79.484)	Time 3.10
Epoch: [6][99/176]	Loss 0.5352 (0.6081)	Accuracy 82.812 (79.809)	Time 3.12
Epoch: [6][149/176]	Loss 0.5350 (0.6033)	Accuracy 80.859 (79.930)	Time 3.05
train_accuracy 79.809
Test: [0/20]	Loss 0.6421 (0.6421)	Accuracy 79.688 (79.688)
one epoch duration:15.10475778579712
Epoch #7, Learning rate: 0.1
Epoch: [7][49/176]	Loss 0.5442 (0.5731)	Accuracy 82.422 (81.398)	Time 3.08
Epoch: [7][99/176]	Loss 0.4034 (0.5603)	Accuracy 86.719 (81.664)	Time 3.09
Epoch: [7][149/176]	Loss 0.6257 (0.5565)	Accuracy 80.859 (81.872)	Time 3.07
train_accuracy 81.893
Test: [0/20]	Loss 0.5180 (0.5180)	Accuracy 84.766 (84.766)
one epoch duration:15.339540243148804
Epoch #8, Learning rate: 0.1
Epoch: [8][49/176]	Loss 0.5425 (0.5173)	Accuracy 82.422 (82.656)	Time 3.02
Epoch: [8][99/176]	Loss 0.5630 (0.5176)	Accuracy 80.078 (82.727)	Time 3.03
Epoch: [8][149/176]	Loss 0.5757 (0.5195)	Accuracy 82.422 (82.758)	Time 3.04
train_accuracy 82.609
Test: [0/20]	Loss 0.9992 (0.9992)	Accuracy 68.359 (68.359)
one epoch duration:12.81941270828247
Epoch #9, Learning rate: 0.1
Epoch: [9][49/176]	Loss 0.5694 (0.4849)	Accuracy 80.469 (83.969)	Time 3.02
Epoch: [9][99/176]	Loss 0.5531 (0.4794)	Accuracy 81.250 (84.176)	Time 3.07
Epoch: [9][149/176]	Loss 0.4068 (0.4849)	Accuracy 85.547 (84.031)	Time 2.99
train_accuracy 83.918
Test: [0/20]	Loss 0.8291 (0.8291)	Accuracy 75.000 (75.000)
one epoch duration:12.750749826431274
Epoch #10, Learning rate: 0.1
Epoch: [10][49/176]	Loss 0.3923 (0.4543)	Accuracy 87.891 (84.438)	Time 3.09
Epoch: [10][99/176]	Loss 0.4107 (0.4540)	Accuracy 87.500 (84.781)	Time 3.03
Epoch: [10][149/176]	Loss 0.5065 (0.4576)	Accuracy 82.031 (84.727)	Time 3.06
train_accuracy 84.684
Test: [0/20]	Loss 0.4665 (0.4665)	Accuracy 84.766 (84.766)
one epoch duration:15.564849615097046
Epoch #11, Learning rate: 0.1
Epoch: [11][49/176]	Loss 0.4911 (0.4445)	Accuracy 82.422 (85.344)	Time 3.05
Epoch: [11][99/176]	Loss 0.4335 (0.4440)	Accuracy 85.156 (85.430)	Time 3.07
Epoch: [11][149/176]	Loss 0.4837 (0.4425)	Accuracy 85.156 (85.292)	Time 3.05
train_accuracy 85.264
Test: [0/20]	Loss 0.6769 (0.6769)	Accuracy 76.172 (76.172)
one epoch duration:12.82801103591919
Epoch #12, Learning rate: 0.1
Epoch: [12][49/176]	Loss 0.3752 (0.4041)	Accuracy 87.891 (86.695)	Time 3.05
Epoch: [12][99/176]	Loss 0.4598 (0.4155)	Accuracy 85.938 (86.270)	Time 3.12
Epoch: [12][149/176]	Loss 0.4123 (0.4244)	Accuracy 85.156 (85.990)	Time 3.00
train_accuracy 85.967
Test: [0/20]	Loss 0.4714 (0.4714)	Accuracy 86.719 (86.719)
one epoch duration:12.760087966918945
Epoch #13, Learning rate: 0.1
Epoch: [13][49/176]	Loss 0.3957 (0.4047)	Accuracy 86.328 (86.508)	Time 3.06
Epoch: [13][99/176]	Loss 0.4482 (0.4093)	Accuracy 84.766 (86.266)	Time 3.04
Epoch: [13][149/176]	Loss 0.3434 (0.4100)	Accuracy 87.891 (86.245)	Time 3.02
train_accuracy 86.231
Test: [0/20]	Loss 0.4141 (0.4141)	Accuracy 85.547 (85.547)
one epoch duration:13.029377222061157
Epoch #14, Learning rate: 0.1
Epoch: [14][49/176]	Loss 0.3824 (0.3942)	Accuracy 87.109 (86.945)	Time 3.06
Epoch: [14][99/176]	Loss 0.3675 (0.3990)	Accuracy 89.062 (86.773)	Time 3.02
Epoch: [14][149/176]	Loss 0.3307 (0.3996)	Accuracy 89.062 (86.690)	Time 3.11
train_accuracy 86.740
Test: [0/20]	Loss 0.9464 (0.9464)	Accuracy 71.484 (71.484)
one epoch duration:12.983049392700195
Epoch #15, Learning rate: 0.1
Epoch: [15][49/176]	Loss 0.4248 (0.3648)	Accuracy 85.938 (87.875)	Time 3.03
Epoch: [15][99/176]	Loss 0.4004 (0.3793)	Accuracy 85.547 (87.402)	Time 3.06
Epoch: [15][149/176]	Loss 0.5182 (0.3876)	Accuracy 81.641 (87.138)	Time 2.90
train_accuracy 87.124
Test: [0/20]	Loss 0.2742 (0.2742)	Accuracy 92.969 (92.969)
one epoch duration:15.468343019485474
Epoch #16, Learning rate: 0.1
Epoch: [16][49/176]	Loss 0.3796 (0.3570)	Accuracy 86.328 (88.344)	Time 3.15
Epoch: [16][99/176]	Loss 0.3145 (0.3673)	Accuracy 89.453 (88.012)	Time 3.04
Epoch: [16][149/176]	Loss 0.3867 (0.3732)	Accuracy 88.281 (87.781)	Time 3.06
train_accuracy 87.549
Test: [0/20]	Loss 0.6750 (0.6750)	Accuracy 77.734 (77.734)
one epoch duration:15.559161901473999
Epoch #17, Learning rate: 0.1
Epoch: [17][49/176]	Loss 0.3120 (0.3644)	Accuracy 89.844 (87.781)	Time 3.07
Epoch: [17][99/176]	Loss 0.3605 (0.3701)	Accuracy 89.844 (87.578)	Time 3.03
Epoch: [17][149/176]	Loss 0.4092 (0.3662)	Accuracy 86.328 (87.674)	Time 3.02
train_accuracy 87.567
Test: [0/20]	Loss 0.8229 (0.8229)	Accuracy 75.781 (75.781)
one epoch duration:12.893098592758179
Epoch #18, Learning rate: 0.1
Epoch: [18][49/176]	Loss 0.3397 (0.3490)	Accuracy 88.281 (88.688)	Time 2.99
Epoch: [18][99/176]	Loss 0.3596 (0.3574)	Accuracy 88.672 (88.199)	Time 2.95
Epoch: [18][149/176]	Loss 0.2882 (0.3563)	Accuracy 89.062 (88.240)	Time 3.11
train_accuracy 88.138
Test: [0/20]	Loss 0.5793 (0.5793)	Accuracy 78.516 (78.516)
one epoch duration:12.644304513931274
Epoch #19, Learning rate: 0.1
Epoch: [19][49/176]	Loss 0.2907 (0.3314)	Accuracy 89.453 (88.953)	Time 3.06
Epoch: [19][99/176]	Loss 0.4025 (0.3484)	Accuracy 85.547 (88.539)	Time 3.06
Epoch: [19][149/176]	Loss 0.3396 (0.3470)	Accuracy 87.891 (88.432)	Time 3.05
train_accuracy 88.378
Test: [0/20]	Loss 0.6197 (0.6197)	Accuracy 80.469 (80.469)
one epoch duration:12.869968175888062
Epoch #20, Learning rate: 0.1
Epoch: [20][49/176]	Loss 0.3227 (0.3538)	Accuracy 90.625 (88.094)	Time 3.09
Epoch: [20][99/176]	Loss 0.3994 (0.3453)	Accuracy 88.281 (88.422)	Time 3.17
Epoch: [20][149/176]	Loss 0.3330 (0.3465)	Accuracy 89.062 (88.406)	Time 3.04
train_accuracy 88.282
Test: [0/20]	Loss 0.9065 (0.9065)	Accuracy 71.094 (71.094)
one epoch duration:13.023548126220703
Epoch #21, Learning rate: 0.1
Epoch: [21][49/176]	Loss 0.3567 (0.3501)	Accuracy 88.672 (88.586)	Time 3.01
Epoch: [21][99/176]	Loss 0.3350 (0.3389)	Accuracy 88.672 (88.996)	Time 2.87
Epoch: [21][149/176]	Loss 0.3373 (0.3404)	Accuracy 89.453 (88.766)	Time 2.91
train_accuracy 88.676
Test: [0/20]	Loss 0.3851 (0.3851)	Accuracy 87.891 (87.891)
one epoch duration:12.437968730926514
Epoch #22, Learning rate: 0.1
Epoch: [22][49/176]	Loss 0.2968 (0.3363)	Accuracy 89.844 (89.023)	Time 3.04
Epoch: [22][99/176]	Loss 0.2996 (0.3383)	Accuracy 88.672 (89.020)	Time 3.16
Epoch: [22][149/176]	Loss 0.2458 (0.3423)	Accuracy 91.016 (88.781)	Time 3.04
train_accuracy 88.816
Test: [0/20]	Loss 0.3608 (0.3608)	Accuracy 89.062 (89.062)
one epoch duration:12.852491855621338
Epoch #23, Learning rate: 0.1
Epoch: [23][49/176]	Loss 0.3962 (0.3251)	Accuracy 85.156 (89.023)	Time 3.25
Epoch: [23][99/176]	Loss 0.2842 (0.3261)	Accuracy 90.234 (89.148)	Time 3.25
Epoch: [23][149/176]	Loss 0.2962 (0.3257)	Accuracy 87.891 (89.206)	Time 3.08
train_accuracy 89.107
Test: [0/20]	Loss 0.3901 (0.3901)	Accuracy 88.281 (88.281)
one epoch duration:15.58237910270691
Epoch #24, Learning rate: 0.1
Epoch: [24][49/176]	Loss 0.2822 (0.3079)	Accuracy 90.625 (89.758)	Time 3.07
Epoch: [24][99/176]	Loss 0.4059 (0.3200)	Accuracy 85.938 (89.383)	Time 3.17
Epoch: [24][149/176]	Loss 0.2955 (0.3247)	Accuracy 90.625 (89.266)	Time 2.97
train_accuracy 89.204
Test: [0/20]	Loss 0.3001 (0.3001)	Accuracy 91.016 (91.016)
one epoch duration:12.837726354598999
Epoch #25, Learning rate: 0.1
Epoch: [25][49/176]	Loss 0.2406 (0.3007)	Accuracy 91.797 (89.953)	Time 3.14
Epoch: [25][99/176]	Loss 0.3335 (0.3169)	Accuracy 89.453 (89.465)	Time 3.06
Epoch: [25][149/176]	Loss 0.3488 (0.3180)	Accuracy 88.281 (89.401)	Time 3.06
train_accuracy 89.351
Test: [0/20]	Loss 0.4143 (0.4143)	Accuracy 86.719 (86.719)
one epoch duration:12.960812330245972
Epoch #26, Learning rate: 0.1
Epoch: [26][49/176]	Loss 0.3559 (0.3033)	Accuracy 87.109 (90.055)	Time 3.03
Epoch: [26][99/176]	Loss 0.3641 (0.3115)	Accuracy 87.891 (89.730)	Time 3.08
Epoch: [26][149/176]	Loss 0.3340 (0.3209)	Accuracy 90.234 (89.440)	Time 3.12
train_accuracy 89.240
Test: [0/20]	Loss 0.0574 (0.0574)	Accuracy 98.438 (98.438)
one epoch duration:12.909025192260742
Epoch #27, Learning rate: 0.1
Epoch: [27][49/176]	Loss 0.2806 (0.3146)	Accuracy 89.844 (89.445)	Time 3.04
Epoch: [27][99/176]	Loss 0.2855 (0.3161)	Accuracy 89.062 (89.488)	Time 3.08
Epoch: [27][149/176]	Loss 0.3682 (0.3189)	Accuracy 85.938 (89.312)	Time 2.97
train_accuracy 89.322
Test: [0/20]	Loss 0.3942 (0.3942)	Accuracy 86.328 (86.328)
one epoch duration:15.12456727027893
Epoch #28, Learning rate: 0.1
Epoch: [28][49/176]	Loss 0.2679 (0.2864)	Accuracy 92.188 (90.672)	Time 3.07
Epoch: [28][99/176]	Loss 0.3441 (0.2950)	Accuracy 86.719 (90.336)	Time 3.02
Epoch: [28][149/176]	Loss 0.3334 (0.3083)	Accuracy 89.844 (89.961)	Time 3.17
train_accuracy 90.022
Test: [0/20]	Loss 0.3978 (0.3978)	Accuracy 88.672 (88.672)
one epoch duration:12.928382396697998
Epoch #29, Learning rate: 0.1
Epoch: [29][49/176]	Loss 0.4009 (0.3066)	Accuracy 88.672 (89.609)	Time 3.04
Epoch: [29][99/176]	Loss 0.4614 (0.3062)	Accuracy 84.766 (89.688)	Time 3.02
Epoch: [29][149/176]	Loss 0.2609 (0.3089)	Accuracy 90.234 (89.685)	Time 3.04
train_accuracy 89.687
Test: [0/20]	Loss 0.3568 (0.3568)	Accuracy 87.891 (87.891)
one epoch duration:12.762979984283447
Epoch #30, Learning rate: 0.1
Epoch: [30][49/176]	Loss 0.2063 (0.2910)	Accuracy 92.969 (90.180)	Time 3.06
Epoch: [30][99/176]	Loss 0.2929 (0.3011)	Accuracy 91.797 (90.074)	Time 3.04
Epoch: [30][149/176]	Loss 0.3432 (0.3067)	Accuracy 87.500 (89.883)	Time 3.00
train_accuracy 89.620
Test: [0/20]	Loss 0.5389 (0.5389)	Accuracy 84.375 (84.375)
one epoch duration:12.863386869430542
Epoch #31, Learning rate: 0.1
Epoch: [31][49/176]	Loss 0.3259 (0.3078)	Accuracy 89.062 (90.008)	Time 3.05
Epoch: [31][99/176]	Loss 0.2469 (0.3082)	Accuracy 92.188 (89.949)	Time 3.08
Epoch: [31][149/176]	Loss 0.3177 (0.3084)	Accuracy 91.406 (89.958)	Time 3.12
train_accuracy 89.853
Test: [0/20]	Loss 0.8568 (0.8568)	Accuracy 72.656 (72.656)
one epoch duration:12.90798830986023
Epoch #32, Learning rate: 0.1
Epoch: [32][49/176]	Loss 0.4077 (0.2768)	Accuracy 85.547 (90.703)	Time 3.05
Epoch: [32][99/176]	Loss 0.3305 (0.2907)	Accuracy 89.062 (90.406)	Time 3.00
Epoch: [32][149/176]	Loss 0.2251 (0.2953)	Accuracy 92.578 (90.253)	Time 3.05
train_accuracy 90.178
Test: [0/20]	Loss 0.8567 (0.8567)	Accuracy 76.172 (76.172)
one epoch duration:12.766965627670288
Epoch #33, Learning rate: 0.1
Epoch: [33][49/176]	Loss 0.3345 (0.2765)	Accuracy 88.672 (90.930)	Time 3.11
Epoch: [33][99/176]	Loss 0.3524 (0.2958)	Accuracy 86.719 (90.211)	Time 3.05
Epoch: [33][149/176]	Loss 0.3201 (0.2988)	Accuracy 88.672 (90.159)	Time 3.09
train_accuracy 90.076
Test: [0/20]	Loss 0.2750 (0.2750)	Accuracy 89.062 (89.062)
one epoch duration:12.991195440292358
Epoch #34, Learning rate: 0.1
Epoch: [34][49/176]	Loss 0.3482 (0.2874)	Accuracy 88.281 (90.867)	Time 3.08
Epoch: [34][99/176]	Loss 0.2702 (0.2946)	Accuracy 91.797 (90.586)	Time 3.09
Epoch: [34][149/176]	Loss 0.2612 (0.2964)	Accuracy 89.062 (90.424)	Time 3.10
train_accuracy 90.307
Test: [0/20]	Loss 0.7253 (0.7253)	Accuracy 77.344 (77.344)
one epoch duration:12.984422206878662
Epoch #35, Learning rate: 0.1
Epoch: [35][49/176]	Loss 0.2775 (0.2896)	Accuracy 91.406 (90.344)	Time 3.04
Epoch: [35][99/176]	Loss 0.2641 (0.2855)	Accuracy 92.188 (90.516)	Time 3.11
Epoch: [35][149/176]	Loss 0.2827 (0.2872)	Accuracy 92.188 (90.492)	Time 3.07
train_accuracy 90.511
Test: [0/20]	Loss 0.6903 (0.6903)	Accuracy 78.516 (78.516)
one epoch duration:12.85948133468628
Epoch #36, Learning rate: 0.1
Epoch: [36][49/176]	Loss 0.3686 (0.2826)	Accuracy 88.281 (90.719)	Time 3.10
Epoch: [36][99/176]	Loss 0.2982 (0.2819)	Accuracy 90.625 (90.793)	Time 3.06
Epoch: [36][149/176]	Loss 0.3552 (0.2890)	Accuracy 86.328 (90.534)	Time 3.06
train_accuracy 90.487
Test: [0/20]	Loss 0.2219 (0.2219)	Accuracy 92.969 (92.969)
one epoch duration:12.882985830307007
Epoch #37, Learning rate: 0.1
Epoch: [37][49/176]	Loss 0.3407 (0.2560)	Accuracy 88.672 (91.648)	Time 3.02
Epoch: [37][99/176]	Loss 0.2088 (0.2660)	Accuracy 92.969 (91.305)	Time 3.14
Epoch: [37][149/176]	Loss 0.3257 (0.2754)	Accuracy 91.406 (90.974)	Time 3.03
train_accuracy 90.842
Test: [0/20]	Loss 1.6445 (1.6445)	Accuracy 52.734 (52.734)
one epoch duration:12.875402450561523
Epoch #38, Learning rate: 0.1
Epoch: [38][49/176]	Loss 0.3000 (0.2705)	Accuracy 90.625 (91.016)	Time 3.06
Epoch: [38][99/176]	Loss 0.3104 (0.2821)	Accuracy 89.062 (90.746)	Time 3.05
Epoch: [38][149/176]	Loss 0.3177 (0.2874)	Accuracy 91.406 (90.549)	Time 3.03
train_accuracy 90.522
Test: [0/20]	Loss 0.7533 (0.7533)	Accuracy 77.734 (77.734)
one epoch duration:12.849806070327759
Epoch #39, Learning rate: 0.1
Epoch: [39][49/176]	Loss 0.2902 (0.2631)	Accuracy 90.625 (91.266)	Time 3.06
Epoch: [39][99/176]	Loss 0.3422 (0.2671)	Accuracy 89.062 (91.199)	Time 3.01
Epoch: [39][149/176]	Loss 0.3493 (0.2794)	Accuracy 87.891 (90.789)	Time 3.14
train_accuracy 90.542
Test: [0/20]	Loss 0.5111 (0.5111)	Accuracy 82.422 (82.422)
one epoch duration:12.853409051895142
Epoch #40, Learning rate: 0.1
Epoch: [40][49/176]	Loss 0.2475 (0.2758)	Accuracy 90.625 (90.812)	Time 2.92
Epoch: [40][99/176]	Loss 0.2188 (0.2743)	Accuracy 94.531 (90.914)	Time 3.03
Epoch: [40][149/176]	Loss 0.2997 (0.2863)	Accuracy 89.062 (90.521)	Time 3.06
train_accuracy 90.433
Test: [0/20]	Loss 0.2460 (0.2460)	Accuracy 89.453 (89.453)
one epoch duration:13.466286420822144
Epoch #41, Learning rate: 0.1
Epoch: [41][49/176]	Loss 0.2392 (0.2876)	Accuracy 92.578 (90.258)	Time 3.04
Epoch: [41][99/176]	Loss 0.2869 (0.2931)	Accuracy 89.453 (90.230)	Time 3.07
Epoch: [41][149/176]	Loss 0.3095 (0.2937)	Accuracy 89.844 (90.174)	Time 3.05
train_accuracy 90.182
Test: [0/20]	Loss 0.5304 (0.5304)	Accuracy 84.375 (84.375)
one epoch duration:12.869838237762451
Epoch #42, Learning rate: 0.1
Epoch: [42][49/176]	Loss 0.3139 (0.2667)	Accuracy 90.234 (91.219)	Time 3.01
Epoch: [42][99/176]	Loss 0.3332 (0.2740)	Accuracy 91.016 (90.996)	Time 3.03
Epoch: [42][149/176]	Loss 0.2824 (0.2756)	Accuracy 89.062 (90.867)	Time 3.04
train_accuracy 90.738
Test: [0/20]	Loss 0.2802 (0.2802)	Accuracy 93.750 (93.750)
one epoch duration:12.794427633285522
Epoch #43, Learning rate: 0.1
Epoch: [43][49/176]	Loss 0.2295 (0.2566)	Accuracy 92.969 (91.641)	Time 3.05
Epoch: [43][99/176]	Loss 0.2195 (0.2652)	Accuracy 92.578 (91.398)	Time 3.02
Epoch: [43][149/176]	Loss 0.3523 (0.2726)	Accuracy 89.062 (91.120)	Time 2.99
train_accuracy 91.049
Test: [0/20]	Loss 0.2505 (0.2505)	Accuracy 91.406 (91.406)
one epoch duration:12.676129341125488
Epoch #44, Learning rate: 0.1
Epoch: [44][49/176]	Loss 0.3410 (0.2623)	Accuracy 89.453 (91.555)	Time 3.18
Epoch: [44][99/176]	Loss 0.2442 (0.2675)	Accuracy 89.844 (91.340)	Time 3.09
Epoch: [44][149/176]	Loss 0.2336 (0.2732)	Accuracy 92.969 (91.172)	Time 3.02
train_accuracy 91.082
Test: [0/20]	Loss 0.8655 (0.8655)	Accuracy 75.391 (75.391)
one epoch duration:12.947171449661255
Epoch #45, Learning rate: 0.1
Epoch: [45][49/176]	Loss 0.2345 (0.2694)	Accuracy 92.188 (91.031)	Time 2.84
Epoch: [45][99/176]	Loss 0.4720 (0.2680)	Accuracy 85.156 (91.047)	Time 2.82
Epoch: [45][149/176]	Loss 0.3106 (0.2770)	Accuracy 91.406 (90.810)	Time 3.04
train_accuracy 90.893
Test: [0/20]	Loss 0.3563 (0.3563)	Accuracy 89.062 (89.062)
one epoch duration:13.496827363967896
Epoch #46, Learning rate: 0.1
Epoch: [46][49/176]	Loss 0.3499 (0.2581)	Accuracy 86.719 (91.625)	Time 3.11
Epoch: [46][99/176]	Loss 0.2401 (0.2683)	Accuracy 92.969 (91.180)	Time 2.97
Epoch: [46][149/176]	Loss 0.2310 (0.2702)	Accuracy 92.188 (91.180)	Time 3.06
train_accuracy 91.004
Test: [0/20]	Loss 0.2168 (0.2168)	Accuracy 93.750 (93.750)
one epoch duration:12.928540706634521
Epoch #47, Learning rate: 0.1
Epoch: [47][49/176]	Loss 0.2507 (0.2685)	Accuracy 91.797 (91.531)	Time 3.04
Epoch: [47][99/176]	Loss 0.2425 (0.2682)	Accuracy 92.969 (91.363)	Time 3.06
Epoch: [47][149/176]	Loss 0.2651 (0.2707)	Accuracy 91.016 (91.216)	Time 3.07
train_accuracy 91.056
Test: [0/20]	Loss 1.0132 (1.0132)	Accuracy 69.531 (69.531)
one epoch duration:12.80730390548706
Epoch #48, Learning rate: 0.1
Epoch: [48][49/176]	Loss 0.1563 (0.2546)	Accuracy 93.750 (91.523)	Time 3.13
Epoch: [48][99/176]	Loss 0.3895 (0.2630)	Accuracy 87.500 (91.309)	Time 3.04
Epoch: [48][149/176]	Loss 0.2235 (0.2706)	Accuracy 91.797 (91.164)	Time 3.12
train_accuracy 91.149
Test: [0/20]	Loss 1.1728 (1.1728)	Accuracy 66.406 (66.406)
one epoch duration:15.168672800064087
Epoch #49, Learning rate: 0.1
Epoch: [49][49/176]	Loss 0.1771 (0.2503)	Accuracy 93.750 (91.609)	Time 3.03
Epoch: [49][99/176]	Loss 0.4309 (0.2569)	Accuracy 87.891 (91.477)	Time 2.90
Epoch: [49][149/176]	Loss 0.3427 (0.2657)	Accuracy 88.672 (91.185)	Time 3.02
train_accuracy 91.096
Test: [0/20]	Loss 0.6337 (0.6337)	Accuracy 81.250 (81.250)
one epoch duration:12.731042385101318
Epoch #50, Learning rate: 0.1
Epoch: [50][49/176]	Loss 0.2681 (0.2573)	Accuracy 92.578 (91.422)	Time 3.01
Epoch: [50][99/176]	Loss 0.3090 (0.2661)	Accuracy 89.453 (91.344)	Time 3.08
Epoch: [50][149/176]	Loss 0.3272 (0.2715)	Accuracy 89.062 (91.146)	Time 3.07
train_accuracy 91.100
Test: [0/20]	Loss 0.2286 (0.2286)	Accuracy 91.797 (91.797)
one epoch duration:12.846845865249634
Epoch #51, Learning rate: 0.1
Epoch: [51][49/176]	Loss 0.1945 (0.2619)	Accuracy 92.578 (91.531)	Time 3.03
Epoch: [51][99/176]	Loss 0.2338 (0.2588)	Accuracy 92.188 (91.613)	Time 3.03
Epoch: [51][149/176]	Loss 0.2472 (0.2635)	Accuracy 91.016 (91.432)	Time 3.06
train_accuracy 91.440
Test: [0/20]	Loss 0.4945 (0.4945)	Accuracy 85.547 (85.547)
one epoch duration:12.86661982536316
Epoch #52, Learning rate: 0.1
Epoch: [52][49/176]	Loss 0.2583 (0.2609)	Accuracy 91.016 (91.492)	Time 3.05
Epoch: [52][99/176]	Loss 0.2712 (0.2575)	Accuracy 91.406 (91.609)	Time 2.97
Epoch: [52][149/176]	Loss 0.3349 (0.2655)	Accuracy 89.453 (91.299)	Time 2.94
train_accuracy 91.307
Test: [0/20]	Loss 0.1730 (0.1730)	Accuracy 94.141 (94.141)
one epoch duration:12.758539915084839
Epoch #53, Learning rate: 0.1
Epoch: [53][49/176]	Loss 0.2853 (0.2576)	Accuracy 92.578 (91.406)	Time 3.03
Epoch: [53][99/176]	Loss 0.2779 (0.2573)	Accuracy 90.625 (91.508)	Time 3.02
Epoch: [53][149/176]	Loss 0.2203 (0.2649)	Accuracy 92.969 (91.370)	Time 3.04
train_accuracy 91.376
Test: [0/20]	Loss 0.6599 (0.6599)	Accuracy 78.516 (78.516)
one epoch duration:12.67840838432312
Epoch #54, Learning rate: 0.1
Epoch: [54][49/176]	Loss 0.3113 (0.2592)	Accuracy 90.234 (91.391)	Time 3.01
Epoch: [54][99/176]	Loss 0.2579 (0.2688)	Accuracy 91.016 (91.090)	Time 3.08
Epoch: [54][149/176]	Loss 0.2740 (0.2704)	Accuracy 90.234 (91.091)	Time 3.02
train_accuracy 91.080
Test: [0/20]	Loss 0.1865 (0.1865)	Accuracy 94.531 (94.531)
one epoch duration:12.917011499404907
Epoch #55, Learning rate: 0.1
Epoch: [55][49/176]	Loss 0.2715 (0.2491)	Accuracy 92.188 (91.812)	Time 3.05
Epoch: [55][99/176]	Loss 0.3304 (0.2508)	Accuracy 90.234 (91.738)	Time 3.05
Epoch: [55][149/176]	Loss 0.2620 (0.2574)	Accuracy 89.453 (91.487)	Time 3.02
train_accuracy 91.249
Test: [0/20]	Loss 0.4366 (0.4366)	Accuracy 87.891 (87.891)
one epoch duration:15.817445755004883
Epoch #56, Learning rate: 0.1
Epoch: [56][49/176]	Loss 0.2109 (0.2559)	Accuracy 93.750 (91.680)	Time 2.78
Epoch: [56][99/176]	Loss 0.2292 (0.2607)	Accuracy 91.406 (91.527)	Time 2.71
Epoch: [56][149/176]	Loss 0.2363 (0.2641)	Accuracy 92.969 (91.326)	Time 2.69
train_accuracy 91.251
Test: [0/20]	Loss 0.4559 (0.4559)	Accuracy 88.281 (88.281)
one epoch duration:11.66166639328003
Epoch #57, Learning rate: 0.1
Epoch: [57][49/176]	Loss 0.1539 (0.2405)	Accuracy 94.531 (92.086)	Time 2.70
Epoch: [57][99/176]	Loss 0.2920 (0.2519)	Accuracy 89.453 (91.707)	Time 2.67
Epoch: [57][149/176]	Loss 0.3888 (0.2610)	Accuracy 87.500 (91.380)	Time 2.66
train_accuracy 91.264
Test: [0/20]	Loss 0.4568 (0.4568)	Accuracy 89.062 (89.062)
one epoch duration:11.565045356750488
Epoch #58, Learning rate: 0.1
Epoch: [58][49/176]	Loss 0.3056 (0.2709)	Accuracy 89.453 (91.016)	Time 2.61
Epoch: [58][99/176]	Loss 0.2295 (0.2680)	Accuracy 92.578 (91.137)	Time 2.67
Epoch: [58][149/176]	Loss 0.3244 (0.2687)	Accuracy 88.672 (91.172)	Time 2.71
train_accuracy 91.282
Test: [0/20]	Loss 0.4498 (0.4498)	Accuracy 87.891 (87.891)
one epoch duration:14.701632976531982
Epoch #59, Learning rate: 0.1
Epoch: [59][49/176]	Loss 0.1912 (0.2333)	Accuracy 93.359 (92.352)	Time 2.81
Epoch: [59][99/176]	Loss 0.2695 (0.2428)	Accuracy 91.406 (91.973)	Time 2.93
Epoch: [59][149/176]	Loss 0.3405 (0.2490)	Accuracy 87.500 (91.776)	Time 2.68
train_accuracy 91.729
Test: [0/20]	Loss 0.3531 (0.3531)	Accuracy 89.062 (89.062)
one epoch duration:11.939014673233032
Epoch #60, Learning rate: 0.1
Epoch: [60][49/176]	Loss 0.3319 (0.2577)	Accuracy 91.406 (91.633)	Time 2.73
Epoch: [60][99/176]	Loss 0.2190 (0.2587)	Accuracy 94.531 (91.395)	Time 2.70
Epoch: [60][149/176]	Loss 0.1875 (0.2608)	Accuracy 94.141 (91.380)	Time 2.59
train_accuracy 91.280
Test: [0/20]	Loss 0.4406 (0.4406)	Accuracy 85.156 (85.156)
one epoch duration:11.413804054260254
Epoch #61, Learning rate: 0.1
Epoch: [61][49/176]	Loss 0.3290 (0.2504)	Accuracy 90.234 (91.727)	Time 2.84
Epoch: [61][99/176]	Loss 0.2305 (0.2516)	Accuracy 92.188 (91.629)	Time 2.70
Epoch: [61][149/176]	Loss 0.3422 (0.2527)	Accuracy 87.109 (91.654)	Time 2.68
train_accuracy 91.680
Test: [0/20]	Loss 0.5310 (0.5310)	Accuracy 87.109 (87.109)
one epoch duration:11.609076499938965
Epoch #62, Learning rate: 0.1
Epoch: [62][49/176]	Loss 0.1377 (0.2232)	Accuracy 94.141 (92.695)	Time 2.68
Epoch: [62][99/176]	Loss 0.3468 (0.2452)	Accuracy 88.672 (91.883)	Time 2.71
Epoch: [62][149/176]	Loss 0.2538 (0.2532)	Accuracy 92.188 (91.602)	Time 2.69
train_accuracy 91.480
Test: [0/20]	Loss 0.1727 (0.1727)	Accuracy 94.922 (94.922)
one epoch duration:11.56775689125061
Epoch #63, Learning rate: 0.1
Epoch: [63][49/176]	Loss 0.1501 (0.2286)	Accuracy 94.922 (92.430)	Time 2.47
Epoch: [63][99/176]	Loss 0.2650 (0.2463)	Accuracy 91.016 (91.926)	Time 1.91
Epoch: [63][149/176]	Loss 0.2490 (0.2515)	Accuracy 92.969 (91.797)	Time 2.11
train_accuracy 91.802
Test: [0/20]	Loss 0.6746 (0.6746)	Accuracy 79.297 (79.297)
one epoch duration:9.50050139427185
Epoch #64, Learning rate: 0.1
Epoch: [64][49/176]	Loss 0.2471 (0.2468)	Accuracy 91.797 (91.750)	Time 2.29
Epoch: [64][99/176]	Loss 0.2989 (0.2475)	Accuracy 89.453 (91.867)	Time 2.71
Epoch: [64][149/176]	Loss 0.2154 (0.2468)	Accuracy 93.359 (91.948)	Time 2.71
train_accuracy 91.856
Test: [0/20]	Loss 0.6163 (0.6163)	Accuracy 80.859 (80.859)
one epoch duration:11.22815465927124
Epoch #65, Learning rate: 0.1
Epoch: [65][49/176]	Loss 0.3123 (0.2565)	Accuracy 87.891 (91.367)	Time 2.71
Epoch: [65][99/176]	Loss 0.1818 (0.2541)	Accuracy 94.531 (91.668)	Time 2.70
Epoch: [65][149/176]	Loss 0.2624 (0.2601)	Accuracy 94.531 (91.568)	Time 2.55
train_accuracy 91.651
Test: [0/20]	Loss 0.4051 (0.4051)	Accuracy 88.281 (88.281)
one epoch duration:11.371634721755981
Epoch #66, Learning rate: 0.1
Epoch: [66][49/176]	Loss 0.3621 (0.2313)	Accuracy 87.109 (92.430)	Time 2.79
Epoch: [66][99/176]	Loss 0.2975 (0.2468)	Accuracy 89.062 (91.906)	Time 2.78
Epoch: [66][149/176]	Loss 0.1911 (0.2544)	Accuracy 92.969 (91.589)	Time 2.72
train_accuracy 91.433
Test: [0/20]	Loss 0.2444 (0.2444)	Accuracy 92.969 (92.969)
one epoch duration:11.774870157241821
Epoch #67, Learning rate: 0.1
Epoch: [67][49/176]	Loss 0.2824 (0.2432)	Accuracy 89.844 (92.219)	Time 2.71
Epoch: [67][99/176]	Loss 0.3268 (0.2473)	Accuracy 92.188 (92.066)	Time 2.69
Epoch: [67][149/176]	Loss 0.1859 (0.2513)	Accuracy 93.750 (91.901)	Time 2.68
train_accuracy 91.702
Test: [0/20]	Loss 0.1559 (0.1559)	Accuracy 93.359 (93.359)
one epoch duration:11.61512279510498
Epoch #68, Learning rate: 0.1
Epoch: [68][49/176]	Loss 0.1992 (0.2426)	Accuracy 94.531 (92.039)	Time 2.69
Epoch: [68][99/176]	Loss 0.2137 (0.2465)	Accuracy 92.969 (91.969)	Time 2.60
Epoch: [68][149/176]	Loss 0.4245 (0.2515)	Accuracy 86.719 (91.786)	Time 2.74
train_accuracy 91.733
Test: [0/20]	Loss 0.1036 (0.1036)	Accuracy 97.266 (97.266)
one epoch duration:11.505787372589111
Epoch #69, Learning rate: 0.1
Epoch: [69][49/176]	Loss 0.2087 (0.2532)	Accuracy 93.359 (91.648)	Time 2.84
Epoch: [69][99/176]	Loss 0.2561 (0.2529)	Accuracy 92.969 (91.766)	Time 2.83
Epoch: [69][149/176]	Loss 0.2991 (0.2576)	Accuracy 90.234 (91.479)	Time 2.79
train_accuracy 91.451
Test: [0/20]	Loss 0.3259 (0.3259)	Accuracy 90.234 (90.234)
one epoch duration:12.0684072971344
Epoch #70, Learning rate: 0.1
Epoch: [70][49/176]	Loss 0.2669 (0.2582)	Accuracy 91.406 (91.367)	Time 2.85
Epoch: [70][99/176]	Loss 0.3174 (0.2538)	Accuracy 88.672 (91.566)	Time 2.81
Epoch: [70][149/176]	Loss 0.3415 (0.2567)	Accuracy 89.844 (91.500)	Time 2.81
train_accuracy 91.531
Test: [0/20]	Loss 0.3796 (0.3796)	Accuracy 89.844 (89.844)
one epoch duration:12.002856254577637
Epoch #71, Learning rate: 0.1
Epoch: [71][49/176]	Loss 0.1927 (0.2394)	Accuracy 92.188 (92.055)	Time 2.56
Epoch: [71][99/176]	Loss 0.3146 (0.2417)	Accuracy 89.844 (92.027)	Time 2.76
Epoch: [71][149/176]	Loss 0.2370 (0.2453)	Accuracy 91.406 (91.990)	Time 2.76
train_accuracy 91.938
Test: [0/20]	Loss 0.7657 (0.7657)	Accuracy 79.297 (79.297)
one epoch duration:11.804697513580322
Epoch #72, Learning rate: 0.1
Epoch: [72][49/176]	Loss 0.1898 (0.2419)	Accuracy 94.531 (91.961)	Time 2.79
Epoch: [72][99/176]	Loss 0.2455 (0.2390)	Accuracy 91.016 (92.105)	Time 2.81
Epoch: [72][149/176]	Loss 0.2116 (0.2421)	Accuracy 91.797 (91.906)	Time 2.78
train_accuracy 91.811
Test: [0/20]	Loss 0.3805 (0.3805)	Accuracy 90.234 (90.234)
one epoch duration:11.998262166976929
Epoch #73, Learning rate: 0.1
Epoch: [73][49/176]	Loss 0.2926 (0.2360)	Accuracy 89.844 (92.367)	Time 2.83
Epoch: [73][99/176]	Loss 0.1974 (0.2386)	Accuracy 93.359 (92.176)	Time 2.79
Epoch: [73][149/176]	Loss 0.2529 (0.2496)	Accuracy 92.578 (91.799)	Time 2.81
train_accuracy 91.716
Test: [0/20]	Loss 0.4643 (0.4643)	Accuracy 82.812 (82.812)
one epoch duration:11.875720024108887
Epoch #74, Learning rate: 0.1
Epoch: [74][49/176]	Loss 0.4349 (0.2659)	Accuracy 87.891 (91.398)	Time 2.78
Epoch: [74][99/176]	Loss 0.3100 (0.2540)	Accuracy 91.016 (91.641)	Time 2.79
Epoch: [74][149/176]	Loss 0.3094 (0.2553)	Accuracy 89.453 (91.549)	Time 2.81
train_accuracy 91.449
Test: [0/20]	Loss 0.2060 (0.2060)	Accuracy 93.750 (93.750)
one epoch duration:11.801202535629272
Epoch #75, Learning rate: 0.1
Epoch: [75][49/176]	Loss 0.2864 (0.2429)	Accuracy 90.625 (91.766)	Time 3.06
Epoch: [75][99/176]	Loss 0.1646 (0.2485)	Accuracy 93.750 (91.766)	Time 2.93
Epoch: [75][149/176]	Loss 0.2952 (0.2470)	Accuracy 90.625 (91.784)	Time 2.86
train_accuracy 91.607
Test: [0/20]	Loss 1.1192 (1.1192)	Accuracy 71.484 (71.484)
one epoch duration:12.515918731689453
Epoch #76, Learning rate: 0.1
Epoch: [76][49/176]	Loss 0.3798 (0.2475)	Accuracy 87.500 (91.922)	Time 2.81
Epoch: [76][99/176]	Loss 0.2919 (0.2494)	Accuracy 89.844 (91.746)	Time 2.84
Epoch: [76][149/176]	Loss 0.2109 (0.2505)	Accuracy 92.188 (91.807)	Time 2.75
train_accuracy 91.833
Test: [0/20]	Loss 0.1557 (0.1557)	Accuracy 93.359 (93.359)
one epoch duration:11.787849426269531
Epoch #77, Learning rate: 0.1
Epoch: [77][49/176]	Loss 0.2034 (0.2250)	Accuracy 94.141 (92.500)	Time 2.80
Epoch: [77][99/176]	Loss 0.2538 (0.2379)	Accuracy 90.625 (92.156)	Time 2.82
Epoch: [77][149/176]	Loss 0.2375 (0.2411)	Accuracy 91.797 (91.961)	Time 2.78
train_accuracy 91.960
Test: [0/20]	Loss 0.4969 (0.4969)	Accuracy 87.500 (87.500)
one epoch duration:11.891511678695679
Epoch #78, Learning rate: 0.1
Epoch: [78][49/176]	Loss 0.2883 (0.2234)	Accuracy 89.844 (92.297)	Time 2.91
Epoch: [78][99/176]	Loss 0.2877 (0.2335)	Accuracy 92.578 (92.109)	Time 2.83
Epoch: [78][149/176]	Loss 0.2088 (0.2401)	Accuracy 93.359 (91.977)	Time 2.81
train_accuracy 91.860
Test: [0/20]	Loss 0.3306 (0.3306)	Accuracy 89.844 (89.844)
one epoch duration:11.912611484527588
Epoch #79, Learning rate: 0.1
Epoch: [79][49/176]	Loss 0.2877 (0.2564)	Accuracy 90.625 (91.727)	Time 2.80
Epoch: [79][99/176]	Loss 0.3345 (0.2617)	Accuracy 89.453 (91.387)	Time 2.78
Epoch: [79][149/176]	Loss 0.2111 (0.2572)	Accuracy 92.188 (91.581)	Time 2.59
train_accuracy 91.673
Test: [0/20]	Loss 0.7662 (0.7662)	Accuracy 79.688 (79.688)
one epoch duration:11.614919185638428
Epoch #80, Learning rate: 0.1
Epoch: [80][49/176]	Loss 0.3331 (0.2310)	Accuracy 89.844 (92.453)	Time 2.81
Epoch: [80][99/176]	Loss 0.1831 (0.2368)	Accuracy 94.531 (92.223)	Time 2.88
Epoch: [80][149/176]	Loss 0.2105 (0.2408)	Accuracy 93.750 (92.062)	Time 2.75
train_accuracy 91.927
Test: [0/20]	Loss 0.3635 (0.3635)	Accuracy 89.453 (89.453)
one epoch duration:11.948358058929443
Epoch #81, Learning rate: 0.1
Epoch: [81][49/176]	Loss 0.2405 (0.2424)	Accuracy 91.016 (92.203)	Time 2.80
Epoch: [81][99/176]	Loss 0.1537 (0.2451)	Accuracy 95.312 (91.840)	Time 2.80
Epoch: [81][149/176]	Loss 0.2208 (0.2450)	Accuracy 93.359 (91.828)	Time 2.93
train_accuracy 91.684
Test: [0/20]	Loss 0.4585 (0.4585)	Accuracy 86.328 (86.328)
one epoch duration:12.492808818817139
Epoch #82, Learning rate: 0.1
Epoch: [82][49/176]	Loss 0.2632 (0.2291)	Accuracy 92.969 (92.562)	Time 2.88
Epoch: [82][99/176]	Loss 0.2397 (0.2347)	Accuracy 92.969 (92.262)	Time 2.65
Epoch: [82][149/176]	Loss 0.2230 (0.2428)	Accuracy 92.188 (92.005)	Time 2.80
train_accuracy 91.951
Test: [0/20]	Loss 0.2530 (0.2530)	Accuracy 92.188 (92.188)
one epoch duration:11.783874750137329
Epoch #83, Learning rate: 0.1
Epoch: [83][49/176]	Loss 0.1994 (0.2332)	Accuracy 92.969 (92.047)	Time 2.75
Epoch: [83][99/176]	Loss 0.3685 (0.2379)	Accuracy 89.453 (92.008)	Time 2.78
Epoch: [83][149/176]	Loss 0.2880 (0.2482)	Accuracy 91.016 (91.768)	Time 2.79
train_accuracy 91.773
Test: [0/20]	Loss 0.2650 (0.2650)	Accuracy 91.016 (91.016)
one epoch duration:11.79741644859314
Epoch #84, Learning rate: 0.1
Epoch: [84][49/176]	Loss 0.2947 (0.2320)	Accuracy 91.406 (92.422)	Time 2.78
Epoch: [84][99/176]	Loss 0.2930 (0.2345)	Accuracy 89.844 (92.344)	Time 2.76
Epoch: [84][149/176]	Loss 0.2320 (0.2415)	Accuracy 92.969 (92.029)	Time 2.42
train_accuracy 91.889
Test: [0/20]	Loss 0.1750 (0.1750)	Accuracy 95.312 (95.312)
one epoch duration:10.977315664291382
Epoch #85, Learning rate: 0.1
Epoch: [85][49/176]	Loss 0.2676 (0.2358)	Accuracy 92.578 (92.141)	Time 3.15
Epoch: [85][99/176]	Loss 0.2071 (0.2434)	Accuracy 91.406 (91.832)	Time 3.08
Epoch: [85][149/176]	Loss 0.2124 (0.2422)	Accuracy 92.969 (91.844)	Time 2.94
train_accuracy 91.849
Test: [0/20]	Loss 0.1889 (0.1889)	Accuracy 93.359 (93.359)
one epoch duration:12.895557165145874
Epoch #86, Learning rate: 0.1
Epoch: [86][49/176]	Loss 0.1724 (0.2134)	Accuracy 93.359 (92.836)	Time 3.03
Epoch: [86][99/176]	Loss 0.2751 (0.2364)	Accuracy 91.016 (92.070)	Time 2.93
Epoch: [86][149/176]	Loss 0.2497 (0.2419)	Accuracy 92.969 (91.904)	Time 2.13
train_accuracy 91.824
Test: [0/20]	Loss 0.5185 (0.5185)	Accuracy 83.594 (83.594)
one epoch duration:10.847570896148682
Epoch #87, Learning rate: 0.1
Epoch: [87][49/176]	Loss 0.1596 (0.2160)	Accuracy 94.531 (92.938)	Time 1.76
Epoch: [87][99/176]	Loss 0.2956 (0.2273)	Accuracy 89.844 (92.488)	Time 1.68
Epoch: [87][149/176]	Loss 0.2092 (0.2402)	Accuracy 93.359 (92.078)	Time 1.76
train_accuracy 91.920
Test: [0/20]	Loss 0.2554 (0.2554)	Accuracy 92.578 (92.578)
one epoch duration:7.874805688858032
Epoch #88, Learning rate: 0.1
Epoch: [88][49/176]	Loss 0.1958 (0.2482)	Accuracy 93.359 (91.750)	Time 1.83
Epoch: [88][99/176]	Loss 0.3053 (0.2507)	Accuracy 91.406 (91.684)	Time 1.81
Epoch: [88][149/176]	Loss 0.2763 (0.2529)	Accuracy 90.625 (91.693)	Time 1.75
train_accuracy 91.738
Test: [0/20]	Loss 0.3561 (0.3561)	Accuracy 90.625 (90.625)
one epoch duration:8.2123281955719
Epoch #89, Learning rate: 0.1
Epoch: [89][49/176]	Loss 0.2988 (0.2395)	Accuracy 89.844 (92.055)	Time 1.90
Epoch: [89][99/176]	Loss 0.2037 (0.2336)	Accuracy 94.141 (92.254)	Time 1.89
Epoch: [89][149/176]	Loss 0.1994 (0.2353)	Accuracy 92.578 (92.180)	Time 1.96
train_accuracy 92.102
Test: [0/20]	Loss 0.5991 (0.5991)	Accuracy 83.984 (83.984)
one epoch duration:8.513207197189331
Epoch #90, Learning rate: 0.1
Epoch: [90][49/176]	Loss 0.2608 (0.2318)	Accuracy 91.797 (92.680)	Time 1.85
Epoch: [90][99/176]	Loss 0.1935 (0.2406)	Accuracy 94.531 (92.324)	Time 1.77
Epoch: [90][149/176]	Loss 0.1750 (0.2452)	Accuracy 94.141 (92.094)	Time 1.71
train_accuracy 92.144
Test: [0/20]	Loss 0.2858 (0.2858)	Accuracy 91.406 (91.406)
one epoch duration:8.108454704284668
Epoch #91, Learning rate: 0.010000000000000002
Epoch: [91][49/176]	Loss 0.1005 (0.1455)	Accuracy 97.266 (95.148)	Time 1.86
Epoch: [91][99/176]	Loss 0.0722 (0.1300)	Accuracy 97.266 (95.684)	Time 1.99
Epoch: [91][149/176]	Loss 0.0719 (0.1175)	Accuracy 98.438 (96.154)	Time 2.20
train_accuracy 96.251
Test: [0/20]	Loss 0.2159 (0.2159)	Accuracy 94.531 (94.531)
one epoch duration:11.506343841552734
Epoch #92, Learning rate: 0.010000000000000002
Epoch: [92][49/176]	Loss 0.0454 (0.0740)	Accuracy 98.828 (97.555)	Time 2.25
Epoch: [92][99/176]	Loss 0.0354 (0.0749)	Accuracy 98.828 (97.500)	Time 2.08
Epoch: [92][149/176]	Loss 0.0601 (0.0750)	Accuracy 98.047 (97.518)	Time 2.20
train_accuracy 97.542
Test: [0/20]	Loss 0.2064 (0.2064)	Accuracy 94.531 (94.531)
one epoch duration:11.786366939544678
Epoch #93, Learning rate: 0.010000000000000002
Epoch: [93][49/176]	Loss 0.1012 (0.0581)	Accuracy 96.484 (98.070)	Time 2.18
Epoch: [93][99/176]	Loss 0.0639 (0.0607)	Accuracy 97.656 (98.027)	Time 2.19
Epoch: [93][149/176]	Loss 0.0739 (0.0613)	Accuracy 98.438 (98.036)	Time 2.16
train_accuracy 98.024
Test: [0/20]	Loss 0.2154 (0.2154)	Accuracy 94.531 (94.531)
one epoch duration:9.54643988609314
Epoch #94, Learning rate: 0.010000000000000002
Epoch: [94][49/176]	Loss 0.0625 (0.0494)	Accuracy 97.266 (98.422)	Time 2.32
Epoch: [94][99/176]	Loss 0.0252 (0.0514)	Accuracy 99.219 (98.316)	Time 2.37
Epoch: [94][149/176]	Loss 0.0434 (0.0519)	Accuracy 98.047 (98.273)	Time 2.19
train_accuracy 98.296
Test: [0/20]	Loss 0.2037 (0.2037)	Accuracy 93.750 (93.750)
one epoch duration:9.958760499954224
Epoch #95, Learning rate: 0.010000000000000002
Epoch: [95][49/176]	Loss 0.0408 (0.0445)	Accuracy 98.047 (98.562)	Time 2.19
Epoch: [95][99/176]	Loss 0.0414 (0.0418)	Accuracy 98.828 (98.656)	Time 2.23
Epoch: [95][149/176]	Loss 0.0507 (0.0436)	Accuracy 98.828 (98.591)	Time 2.10
train_accuracy 98.562
Test: [0/20]	Loss 0.1803 (0.1803)	Accuracy 93.359 (93.359)
one epoch duration:11.823343992233276
Epoch #96, Learning rate: 0.010000000000000002
Epoch: [96][49/176]	Loss 0.0120 (0.0371)	Accuracy 100.000 (98.773)	Time 2.39
Epoch: [96][99/176]	Loss 0.0463 (0.0382)	Accuracy 98.438 (98.746)	Time 2.34
Epoch: [96][149/176]	Loss 0.0215 (0.0409)	Accuracy 99.609 (98.643)	Time 2.21
train_accuracy 98.624
Test: [0/20]	Loss 0.2521 (0.2521)	Accuracy 93.359 (93.359)
one epoch duration:12.158519744873047
Epoch #97, Learning rate: 0.010000000000000002
Epoch: [97][49/176]	Loss 0.0573 (0.0344)	Accuracy 98.828 (98.953)	Time 2.20
Epoch: [97][99/176]	Loss 0.0207 (0.0366)	Accuracy 99.609 (98.871)	Time 2.27
Epoch: [97][149/176]	Loss 0.0240 (0.0353)	Accuracy 99.219 (98.943)	Time 2.23
train_accuracy 98.938
Test: [0/20]	Loss 0.1801 (0.1801)	Accuracy 95.312 (95.312)
one epoch duration:12.119403600692749
Epoch #98, Learning rate: 0.010000000000000002
Epoch: [98][49/176]	Loss 0.0203 (0.0323)	Accuracy 99.609 (98.945)	Time 2.18
Epoch: [98][99/176]	Loss 0.0085 (0.0336)	Accuracy 100.000 (98.949)	Time 2.19
Epoch: [98][149/176]	Loss 0.0488 (0.0325)	Accuracy 98.828 (98.992)	Time 2.05
train_accuracy 98.998
Test: [0/20]	Loss 0.1889 (0.1889)	Accuracy 95.703 (95.703)
one epoch duration:9.441592693328857
Epoch #99, Learning rate: 0.010000000000000002
Epoch: [99][49/176]	Loss 0.0131 (0.0246)	Accuracy 99.609 (99.281)	Time 2.18
Epoch: [99][99/176]	Loss 0.0090 (0.0269)	Accuracy 100.000 (99.145)	Time 2.20
Epoch: [99][149/176]	Loss 0.0174 (0.0284)	Accuracy 99.219 (99.081)	Time 2.15
train_accuracy 99.084
Test: [0/20]	Loss 0.2487 (0.2487)	Accuracy 94.141 (94.141)
one epoch duration:9.554971694946289
Epoch #100, Learning rate: 0.010000000000000002
Epoch: [100][49/176]	Loss 0.0362 (0.0243)	Accuracy 98.438 (99.289)	Time 2.25
Epoch: [100][99/176]	Loss 0.0118 (0.0263)	Accuracy 99.609 (99.164)	Time 1.99
Epoch: [100][149/176]	Loss 0.0147 (0.0255)	Accuracy 100.000 (99.182)	Time 2.08
train_accuracy 99.171
Test: [0/20]	Loss 0.1849 (0.1849)	Accuracy 94.922 (94.922)
one epoch duration:9.445303916931152
Epoch #101, Learning rate: 0.010000000000000002
Epoch: [101][49/176]	Loss 0.0193 (0.0224)	Accuracy 99.609 (99.367)	Time 2.15
Epoch: [101][99/176]	Loss 0.0134 (0.0220)	Accuracy 99.609 (99.391)	Time 2.12
Epoch: [101][149/176]	Loss 0.0216 (0.0233)	Accuracy 99.219 (99.305)	Time 2.18
train_accuracy 99.278
Test: [0/20]	Loss 0.2275 (0.2275)	Accuracy 94.922 (94.922)
one epoch duration:9.507673025131226
Epoch #102, Learning rate: 0.010000000000000002
Epoch: [102][49/176]	Loss 0.0265 (0.0213)	Accuracy 98.828 (99.281)	Time 2.28
Epoch: [102][99/176]	Loss 0.0132 (0.0210)	Accuracy 99.219 (99.320)	Time 2.01
Epoch: [102][149/176]	Loss 0.0258 (0.0213)	Accuracy 98.828 (99.305)	Time 2.13
train_accuracy 99.320
Test: [0/20]	Loss 0.2068 (0.2068)	Accuracy 95.312 (95.312)
one epoch duration:9.366114854812622
Epoch #103, Learning rate: 0.010000000000000002
Epoch: [103][49/176]	Loss 0.0068 (0.0196)	Accuracy 100.000 (99.422)	Time 2.18
Epoch: [103][99/176]	Loss 0.0374 (0.0183)	Accuracy 98.438 (99.445)	Time 2.22
Epoch: [103][149/176]	Loss 0.0423 (0.0185)	Accuracy 98.438 (99.414)	Time 2.14
train_accuracy 99.384
Test: [0/20]	Loss 0.1888 (0.1888)	Accuracy 95.312 (95.312)
one epoch duration:11.760961055755615
Epoch #104, Learning rate: 0.010000000000000002
Epoch: [104][49/176]	Loss 0.0235 (0.0194)	Accuracy 98.828 (99.383)	Time 2.16
Epoch: [104][99/176]	Loss 0.0326 (0.0191)	Accuracy 98.828 (99.379)	Time 2.25
Epoch: [104][149/176]	Loss 0.0432 (0.0191)	Accuracy 98.438 (99.378)	Time 2.25
train_accuracy 99.376
Test: [0/20]	Loss 0.2425 (0.2425)	Accuracy 94.141 (94.141)
one epoch duration:9.718901872634888
Epoch #105, Learning rate: 0.010000000000000002
Epoch: [105][49/176]	Loss 0.0070 (0.0195)	Accuracy 100.000 (99.328)	Time 2.19
Epoch: [105][99/176]	Loss 0.0091 (0.0176)	Accuracy 99.609 (99.422)	Time 2.17
Epoch: [105][149/176]	Loss 0.0441 (0.0179)	Accuracy 98.828 (99.422)	Time 2.13
train_accuracy 99.422
Test: [0/20]	Loss 0.2357 (0.2357)	Accuracy 94.141 (94.141)
one epoch duration:9.357295751571655
Epoch #106, Learning rate: 0.010000000000000002
Epoch: [106][49/176]	Loss 0.0088 (0.0163)	Accuracy 100.000 (99.531)	Time 2.31
Epoch: [106][99/176]	Loss 0.0240 (0.0166)	Accuracy 99.219 (99.473)	Time 2.15
Epoch: [106][149/176]	Loss 0.0134 (0.0167)	Accuracy 99.219 (99.482)	Time 2.29
train_accuracy 99.464
Test: [0/20]	Loss 0.1924 (0.1924)	Accuracy 94.141 (94.141)
one epoch duration:9.748347282409668
Epoch #107, Learning rate: 0.010000000000000002
Epoch: [107][49/176]	Loss 0.0112 (0.0150)	Accuracy 99.609 (99.641)	Time 2.15
Epoch: [107][99/176]	Loss 0.0130 (0.0135)	Accuracy 99.219 (99.598)	Time 2.19
Epoch: [107][149/176]	Loss 0.0132 (0.0142)	Accuracy 99.219 (99.570)	Time 1.94
train_accuracy 99.578
Test: [0/20]	Loss 0.3029 (0.3029)	Accuracy 92.969 (92.969)
one epoch duration:9.273417234420776
Epoch #108, Learning rate: 0.010000000000000002
Epoch: [108][49/176]	Loss 0.0169 (0.0134)	Accuracy 99.609 (99.562)	Time 2.17
Epoch: [108][99/176]	Loss 0.0307 (0.0144)	Accuracy 98.828 (99.531)	Time 2.15
Epoch: [108][149/176]	Loss 0.0322 (0.0146)	Accuracy 98.828 (99.521)	Time 2.15
train_accuracy 99.544
Test: [0/20]	Loss 0.2598 (0.2598)	Accuracy 93.750 (93.750)
one epoch duration:9.412163257598877
Epoch #109, Learning rate: 0.010000000000000002
Epoch: [109][49/176]	Loss 0.0096 (0.0152)	Accuracy 99.609 (99.539)	Time 2.15
Epoch: [109][99/176]	Loss 0.0051 (0.0144)	Accuracy 100.000 (99.535)	Time 2.10
Epoch: [109][149/176]	Loss 0.0128 (0.0148)	Accuracy 99.219 (99.529)	Time 2.13
train_accuracy 99.518
Test: [0/20]	Loss 0.2745 (0.2745)	Accuracy 93.359 (93.359)
one epoch duration:9.452338218688965
Epoch #110, Learning rate: 0.010000000000000002
Epoch: [110][49/176]	Loss 0.0065 (0.0127)	Accuracy 100.000 (99.617)	Time 2.21
Epoch: [110][99/176]	Loss 0.0215 (0.0137)	Accuracy 99.219 (99.590)	Time 2.16
Epoch: [110][149/176]	Loss 0.0257 (0.0139)	Accuracy 99.219 (99.568)	Time 2.15
train_accuracy 99.558
Test: [0/20]	Loss 0.2098 (0.2098)	Accuracy 94.141 (94.141)
one epoch duration:9.493157625198364
Epoch #111, Learning rate: 0.010000000000000002
Epoch: [111][49/176]	Loss 0.0023 (0.0118)	Accuracy 100.000 (99.586)	Time 2.07
Epoch: [111][99/176]	Loss 0.0059 (0.0118)	Accuracy 99.609 (99.609)	Time 2.06
Epoch: [111][149/176]	Loss 0.0123 (0.0130)	Accuracy 99.609 (99.576)	Time 2.17
train_accuracy 99.573
Test: [0/20]	Loss 0.2085 (0.2085)	Accuracy 95.703 (95.703)
one epoch duration:11.659390211105347
Epoch #112, Learning rate: 0.010000000000000002
Epoch: [112][49/176]	Loss 0.0060 (0.0104)	Accuracy 100.000 (99.734)	Time 2.19
Epoch: [112][99/176]	Loss 0.0063 (0.0110)	Accuracy 100.000 (99.707)	Time 2.13
Epoch: [112][149/176]	Loss 0.0115 (0.0125)	Accuracy 99.609 (99.643)	Time 2.24
train_accuracy 99.611
Test: [0/20]	Loss 0.1919 (0.1919)	Accuracy 96.094 (96.094)
one epoch duration:9.526240587234497
Epoch #113, Learning rate: 0.010000000000000002
Epoch: [113][49/176]	Loss 0.0093 (0.0107)	Accuracy 99.609 (99.680)	Time 2.25
Epoch: [113][99/176]	Loss 0.0150 (0.0113)	Accuracy 99.609 (99.660)	Time 2.21
Epoch: [113][149/176]	Loss 0.0155 (0.0118)	Accuracy 99.219 (99.612)	Time 2.16
train_accuracy 99.607
Test: [0/20]	Loss 0.2325 (0.2325)	Accuracy 94.141 (94.141)
one epoch duration:9.721199750900269
Epoch #114, Learning rate: 0.010000000000000002
Epoch: [114][49/176]	Loss 0.0103 (0.0110)	Accuracy 99.219 (99.656)	Time 2.30
Epoch: [114][99/176]	Loss 0.0203 (0.0113)	Accuracy 99.609 (99.645)	Time 2.41
Epoch: [114][149/176]	Loss 0.0021 (0.0117)	Accuracy 100.000 (99.615)	Time 2.43
train_accuracy 99.602
Test: [0/20]	Loss 0.2473 (0.2473)	Accuracy 93.750 (93.750)
one epoch duration:10.412694931030273
Epoch #115, Learning rate: 0.010000000000000002
Epoch: [115][49/176]	Loss 0.0259 (0.0117)	Accuracy 99.219 (99.695)	Time 2.45
Epoch: [115][99/176]	Loss 0.0090 (0.0126)	Accuracy 100.000 (99.609)	Time 2.42
Epoch: [115][149/176]	Loss 0.0293 (0.0119)	Accuracy 99.219 (99.635)	Time 2.46
train_accuracy 99.624
Test: [0/20]	Loss 0.2275 (0.2275)	Accuracy 95.703 (95.703)
one epoch duration:12.988592147827148
Epoch #116, Learning rate: 0.010000000000000002
Epoch: [116][49/176]	Loss 0.0059 (0.0106)	Accuracy 99.609 (99.688)	Time 2.45
Epoch: [116][99/176]	Loss 0.0084 (0.0116)	Accuracy 99.609 (99.660)	Time 2.50
Epoch: [116][149/176]	Loss 0.0110 (0.0125)	Accuracy 99.609 (99.617)	Time 2.66
train_accuracy 99.604
Test: [0/20]	Loss 0.2809 (0.2809)	Accuracy 94.141 (94.141)
one epoch duration:10.94756817817688
Epoch #117, Learning rate: 0.010000000000000002
Epoch: [117][49/176]	Loss 0.0009 (0.0102)	Accuracy 100.000 (99.664)	Time 2.55
Epoch: [117][99/176]	Loss 0.0182 (0.0109)	Accuracy 99.219 (99.652)	Time 2.39
Epoch: [117][149/176]	Loss 0.0185 (0.0109)	Accuracy 99.219 (99.635)	Time 2.40
train_accuracy 99.653
Test: [0/20]	Loss 0.2699 (0.2699)	Accuracy 93.359 (93.359)
one epoch duration:12.766418933868408
Epoch #118, Learning rate: 0.010000000000000002
Epoch: [118][49/176]	Loss 0.0142 (0.0097)	Accuracy 99.219 (99.680)	Time 2.55
Epoch: [118][99/176]	Loss 0.0058 (0.0093)	Accuracy 99.609 (99.695)	Time 2.44
Epoch: [118][149/176]	Loss 0.0258 (0.0097)	Accuracy 99.219 (99.688)	Time 2.53
train_accuracy 99.662
Test: [0/20]	Loss 0.2528 (0.2528)	Accuracy 94.141 (94.141)
one epoch duration:10.958240032196045
Epoch #119, Learning rate: 0.010000000000000002
Epoch: [119][49/176]	Loss 0.0100 (0.0131)	Accuracy 99.609 (99.617)	Time 2.58
Epoch: [119][99/176]	Loss 0.0069 (0.0122)	Accuracy 99.609 (99.652)	Time 2.29
Epoch: [119][149/176]	Loss 0.0153 (0.0135)	Accuracy 99.609 (99.583)	Time 2.21
train_accuracy 99.580
Test: [0/20]	Loss 0.2739 (0.2739)	Accuracy 94.141 (94.141)
one epoch duration:10.247495889663696
Epoch #120, Learning rate: 0.010000000000000002
Epoch: [120][49/176]	Loss 0.0350 (0.0109)	Accuracy 98.828 (99.625)	Time 2.35
Epoch: [120][99/176]	Loss 0.0151 (0.0115)	Accuracy 99.219 (99.617)	Time 2.23
Epoch: [120][149/176]	Loss 0.0111 (0.0115)	Accuracy 99.609 (99.638)	Time 2.30
train_accuracy 99.636
Test: [0/20]	Loss 0.2491 (0.2491)	Accuracy 94.531 (94.531)
one epoch duration:10.103034973144531
Epoch #121, Learning rate: 0.010000000000000002
Epoch: [121][49/176]	Loss 0.0105 (0.0089)	Accuracy 99.609 (99.688)	Time 2.30
Epoch: [121][99/176]	Loss 0.0033 (0.0088)	Accuracy 100.000 (99.715)	Time 2.39
Epoch: [121][149/176]	Loss 0.0017 (0.0092)	Accuracy 100.000 (99.690)	Time 2.30
train_accuracy 99.678
Test: [0/20]	Loss 0.2264 (0.2264)	Accuracy 94.141 (94.141)
one epoch duration:10.247556924819946
Epoch #122, Learning rate: 0.010000000000000002
Epoch: [122][49/176]	Loss 0.0013 (0.0114)	Accuracy 100.000 (99.656)	Time 2.34
Epoch: [122][99/176]	Loss 0.0157 (0.0119)	Accuracy 99.609 (99.625)	Time 2.36
Epoch: [122][149/176]	Loss 0.0025 (0.0113)	Accuracy 100.000 (99.638)	Time 2.05
train_accuracy 99.631
Test: [0/20]	Loss 0.3330 (0.3330)	Accuracy 92.578 (92.578)
one epoch duration:9.89244818687439
Epoch #123, Learning rate: 0.010000000000000002
Epoch: [123][49/176]	Loss 0.0065 (0.0151)	Accuracy 100.000 (99.477)	Time 2.29
Epoch: [123][99/176]	Loss 0.0028 (0.0150)	Accuracy 100.000 (99.488)	Time 2.20
Epoch: [123][149/176]	Loss 0.0125 (0.0137)	Accuracy 99.609 (99.534)	Time 2.26
train_accuracy 99.531
Test: [0/20]	Loss 0.2354 (0.2354)	Accuracy 93.750 (93.750)
one epoch duration:9.82668662071228
Epoch #124, Learning rate: 0.010000000000000002
Epoch: [124][49/176]	Loss 0.0163 (0.0103)	Accuracy 99.609 (99.672)	Time 2.20
Epoch: [124][99/176]	Loss 0.0192 (0.0102)	Accuracy 99.219 (99.688)	Time 2.14
Epoch: [124][149/176]	Loss 0.0025 (0.0099)	Accuracy 100.000 (99.701)	Time 2.38
train_accuracy 99.698
Test: [0/20]	Loss 0.3910 (0.3910)	Accuracy 91.797 (91.797)
one epoch duration:9.8518545627594
Epoch #125, Learning rate: 0.010000000000000002
Epoch: [125][49/176]	Loss 0.0062 (0.0116)	Accuracy 100.000 (99.656)	Time 2.22
Epoch: [125][99/176]	Loss 0.0072 (0.0107)	Accuracy 100.000 (99.676)	Time 2.21
Epoch: [125][149/176]	Loss 0.0132 (0.0109)	Accuracy 99.609 (99.664)	Time 2.22
train_accuracy 99.669
Test: [0/20]	Loss 0.2936 (0.2936)	Accuracy 92.578 (92.578)
one epoch duration:9.774419069290161
Epoch #126, Learning rate: 0.010000000000000002
Epoch: [126][49/176]	Loss 0.0071 (0.0089)	Accuracy 99.609 (99.727)	Time 2.02
Epoch: [126][99/176]	Loss 0.0058 (0.0097)	Accuracy 100.000 (99.707)	Time 2.24
Epoch: [126][149/176]	Loss 0.0066 (0.0098)	Accuracy 99.609 (99.706)	Time 2.21
train_accuracy 99.691
Test: [0/20]	Loss 0.2346 (0.2346)	Accuracy 93.750 (93.750)
one epoch duration:9.77424931526184
Epoch #127, Learning rate: 0.010000000000000002
Epoch: [127][49/176]	Loss 0.0040 (0.0135)	Accuracy 100.000 (99.562)	Time 2.56
Epoch: [127][99/176]	Loss 0.0024 (0.0128)	Accuracy 100.000 (99.613)	Time 2.29
Epoch: [127][149/176]	Loss 0.0071 (0.0120)	Accuracy 99.609 (99.646)	Time 2.32
train_accuracy 99.656
Test: [0/20]	Loss 0.2942 (0.2942)	Accuracy 93.750 (93.750)
one epoch duration:10.260582685470581
Epoch #128, Learning rate: 0.010000000000000002
Epoch: [128][49/176]	Loss 0.0541 (0.0129)	Accuracy 99.219 (99.578)	Time 2.32
Epoch: [128][99/176]	Loss 0.0071 (0.0123)	Accuracy 99.609 (99.613)	Time 2.26
Epoch: [128][149/176]	Loss 0.0075 (0.0120)	Accuracy 99.609 (99.633)	Time 2.24
train_accuracy 99.658
Test: [0/20]	Loss 0.3237 (0.3237)	Accuracy 92.578 (92.578)
one epoch duration:9.912841796875
Epoch #129, Learning rate: 0.010000000000000002
Epoch: [129][49/176]	Loss 0.0307 (0.0073)	Accuracy 99.219 (99.781)	Time 2.21
Epoch: [129][99/176]	Loss 0.0059 (0.0088)	Accuracy 99.609 (99.719)	Time 2.16
Epoch: [129][149/176]	Loss 0.0120 (0.0089)	Accuracy 99.609 (99.724)	Time 2.15
train_accuracy 99.731
Test: [0/20]	Loss 0.1772 (0.1772)	Accuracy 95.312 (95.312)
one epoch duration:10.353898525238037
Epoch #130, Learning rate: 0.010000000000000002
Epoch: [130][49/176]	Loss 0.0084 (0.0089)	Accuracy 99.609 (99.719)	Time 2.10
Epoch: [130][99/176]	Loss 0.0033 (0.0101)	Accuracy 100.000 (99.676)	Time 2.11
Epoch: [130][149/176]	Loss 0.0020 (0.0097)	Accuracy 100.000 (99.698)	Time 2.15
train_accuracy 99.696
Test: [0/20]	Loss 0.4674 (0.4674)	Accuracy 91.406 (91.406)
one epoch duration:9.375891923904419
Epoch #131, Learning rate: 0.010000000000000002
Epoch: [131][49/176]	Loss 0.0222 (0.0090)	Accuracy 98.828 (99.703)	Time 2.18
Epoch: [131][99/176]	Loss 0.0190 (0.0095)	Accuracy 99.219 (99.703)	Time 2.12
Epoch: [131][149/176]	Loss 0.0021 (0.0088)	Accuracy 100.000 (99.727)	Time 1.92
train_accuracy 99.718
Test: [0/20]	Loss 0.3456 (0.3456)	Accuracy 91.016 (91.016)
one epoch duration:9.221555948257446
Epoch #132, Learning rate: 0.010000000000000002
Epoch: [132][49/176]	Loss 0.0010 (0.0078)	Accuracy 100.000 (99.812)	Time 2.15
Epoch: [132][99/176]	Loss 0.0048 (0.0083)	Accuracy 100.000 (99.762)	Time 2.13
Epoch: [132][149/176]	Loss 0.0056 (0.0091)	Accuracy 100.000 (99.724)	Time 2.21
train_accuracy 99.696
Test: [0/20]	Loss 0.3516 (0.3516)	Accuracy 93.359 (93.359)
one epoch duration:9.638624668121338
Epoch #133, Learning rate: 0.010000000000000002
Epoch: [133][49/176]	Loss 0.0021 (0.0133)	Accuracy 100.000 (99.523)	Time 2.18
Epoch: [133][99/176]	Loss 0.0138 (0.0137)	Accuracy 99.609 (99.531)	Time 1.86
Epoch: [133][149/176]	Loss 0.0035 (0.0155)	Accuracy 100.000 (99.458)	Time 2.04
train_accuracy 99.424
Test: [0/20]	Loss 0.3408 (0.3408)	Accuracy 92.969 (92.969)
one epoch duration:9.17634105682373
Epoch #134, Learning rate: 0.010000000000000002
Epoch: [134][49/176]	Loss 0.0212 (0.0156)	Accuracy 98.828 (99.477)	Time 2.30
Epoch: [134][99/176]	Loss 0.0079 (0.0161)	Accuracy 99.609 (99.469)	Time 2.37
Epoch: [134][149/176]	Loss 0.0146 (0.0166)	Accuracy 98.828 (99.453)	Time 2.33
train_accuracy 99.467
Test: [0/20]	Loss 0.2070 (0.2070)	Accuracy 94.531 (94.531)
one epoch duration:10.081179857254028
Epoch #135, Learning rate: 0.010000000000000002
Epoch: [135][49/176]	Loss 0.0137 (0.0153)	Accuracy 99.219 (99.523)	Time 2.23
Epoch: [135][99/176]	Loss 0.0061 (0.0148)	Accuracy 100.000 (99.539)	Time 1.96
Epoch: [135][149/176]	Loss 0.0070 (0.0147)	Accuracy 100.000 (99.539)	Time 2.25
train_accuracy 99.538
Test: [0/20]	Loss 0.2749 (0.2749)	Accuracy 94.141 (94.141)
one epoch duration:9.524641513824463
Epoch #136, Learning rate: 0.0010000000000000002
Epoch: [136][49/176]	Loss 0.0092 (0.0092)	Accuracy 99.609 (99.711)	Time 2.27
Epoch: [136][99/176]	Loss 0.0051 (0.0092)	Accuracy 99.609 (99.699)	Time 2.28
Epoch: [136][149/176]	Loss 0.0060 (0.0097)	Accuracy 100.000 (99.685)	Time 2.21
train_accuracy 99.707
Test: [0/20]	Loss 0.2172 (0.2172)	Accuracy 94.531 (94.531)
one epoch duration:9.830244779586792
Epoch #137, Learning rate: 0.0010000000000000002
Epoch: [137][49/176]	Loss 0.0088 (0.0073)	Accuracy 99.609 (99.766)	Time 1.97
Epoch: [137][99/176]	Loss 0.0075 (0.0068)	Accuracy 100.000 (99.809)	Time 2.06
Epoch: [137][149/176]	Loss 0.0188 (0.0070)	Accuracy 99.609 (99.805)	Time 2.08
train_accuracy 99.809
Test: [0/20]	Loss 0.2614 (0.2614)	Accuracy 94.141 (94.141)
one epoch duration:11.633893489837646
Epoch #138, Learning rate: 0.0010000000000000002
Epoch: [138][49/176]	Loss 0.0143 (0.0059)	Accuracy 99.609 (99.797)	Time 2.14
Epoch: [138][99/176]	Loss 0.0029 (0.0058)	Accuracy 100.000 (99.816)	Time 2.14
Epoch: [138][149/176]	Loss 0.0017 (0.0057)	Accuracy 100.000 (99.826)	Time 2.14
train_accuracy 99.836
Test: [0/20]	Loss 0.2039 (0.2039)	Accuracy 93.750 (93.750)
one epoch duration:9.514201164245605
Epoch #139, Learning rate: 0.0010000000000000002
Epoch: [139][49/176]	Loss 0.0065 (0.0053)	Accuracy 99.609 (99.820)	Time 2.47
Epoch: [139][99/176]	Loss 0.0021 (0.0053)	Accuracy 100.000 (99.852)	Time 2.30
Epoch: [139][149/176]	Loss 0.0014 (0.0060)	Accuracy 100.000 (99.820)	Time 2.14
train_accuracy 99.836
Test: [0/20]	Loss 0.2575 (0.2575)	Accuracy 94.531 (94.531)
one epoch duration:12.373928785324097
Epoch #140, Learning rate: 0.0010000000000000002
Epoch: [140][49/176]	Loss 0.0033 (0.0045)	Accuracy 100.000 (99.875)	Time 2.14
Epoch: [140][99/176]	Loss 0.0034 (0.0041)	Accuracy 100.000 (99.883)	Time 2.04
Epoch: [140][149/176]	Loss 0.0025 (0.0038)	Accuracy 100.000 (99.898)	Time 2.18
train_accuracy 99.896
Test: [0/20]	Loss 0.2677 (0.2677)	Accuracy 94.141 (94.141)
one epoch duration:9.528875350952148
Epoch #141, Learning rate: 0.0010000000000000002
Epoch: [141][49/176]	Loss 0.0047 (0.0048)	Accuracy 99.609 (99.867)	Time 2.20
Epoch: [141][99/176]	Loss 0.0007 (0.0045)	Accuracy 100.000 (99.883)	Time 2.23
Epoch: [141][149/176]	Loss 0.0126 (0.0043)	Accuracy 99.609 (99.893)	Time 2.18
train_accuracy 99.902
Test: [0/20]	Loss 0.1490 (0.1490)	Accuracy 96.094 (96.094)
one epoch duration:12.187912940979004
Epoch #142, Learning rate: 0.0010000000000000002
Epoch: [142][49/176]	Loss 0.0044 (0.0030)	Accuracy 100.000 (99.938)	Time 2.22
Epoch: [142][99/176]	Loss 0.0019 (0.0037)	Accuracy 100.000 (99.918)	Time 2.22
Epoch: [142][149/176]	Loss 0.0217 (0.0040)	Accuracy 99.609 (99.919)	Time 2.15
train_accuracy 99.909
Test: [0/20]	Loss 0.3030 (0.3030)	Accuracy 93.750 (93.750)
one epoch duration:9.555013418197632
Epoch #143, Learning rate: 0.0010000000000000002
Epoch: [143][49/176]	Loss 0.0016 (0.0045)	Accuracy 100.000 (99.883)	Time 2.19
Epoch: [143][99/176]	Loss 0.0058 (0.0043)	Accuracy 99.609 (99.887)	Time 2.12
Epoch: [143][149/176]	Loss 0.0019 (0.0040)	Accuracy 100.000 (99.891)	Time 2.13
train_accuracy 99.896
Test: [0/20]	Loss 0.2558 (0.2558)	Accuracy 92.578 (92.578)
one epoch duration:9.424964427947998
Epoch #144, Learning rate: 0.0010000000000000002
Epoch: [144][49/176]	Loss 0.0298 (0.0039)	Accuracy 99.609 (99.914)	Time 2.26
Epoch: [144][99/176]	Loss 0.0014 (0.0035)	Accuracy 100.000 (99.930)	Time 2.12
Epoch: [144][149/176]	Loss 0.0018 (0.0040)	Accuracy 100.000 (99.904)	Time 2.15
train_accuracy 99.909
Test: [0/20]	Loss 0.2426 (0.2426)	Accuracy 94.141 (94.141)
one epoch duration:9.6050124168396
Epoch #145, Learning rate: 0.0010000000000000002
Epoch: [145][49/176]	Loss 0.0017 (0.0032)	Accuracy 100.000 (99.945)	Time 2.21
Epoch: [145][99/176]	Loss 0.0014 (0.0031)	Accuracy 100.000 (99.934)	Time 2.14
Epoch: [145][149/176]	Loss 0.0030 (0.0030)	Accuracy 100.000 (99.935)	Time 2.00
train_accuracy 99.922
Test: [0/20]	Loss 0.2227 (0.2227)	Accuracy 94.531 (94.531)
one epoch duration:9.365585803985596
Epoch #146, Learning rate: 0.0010000000000000002
Epoch: [146][49/176]	Loss 0.0019 (0.0035)	Accuracy 100.000 (99.898)	Time 2.11
Epoch: [146][99/176]	Loss 0.0089 (0.0036)	Accuracy 99.609 (99.914)	Time 2.13
Epoch: [146][149/176]	Loss 0.0013 (0.0034)	Accuracy 100.000 (99.911)	Time 2.15
train_accuracy 99.913
Test: [0/20]	Loss 0.2465 (0.2465)	Accuracy 94.531 (94.531)
one epoch duration:9.850797891616821
Epoch #147, Learning rate: 0.0010000000000000002
Epoch: [147][49/176]	Loss 0.0026 (0.0030)	Accuracy 100.000 (99.930)	Time 2.15
Epoch: [147][99/176]	Loss 0.0077 (0.0033)	Accuracy 99.609 (99.934)	Time 2.01
Epoch: [147][149/176]	Loss 0.0006 (0.0033)	Accuracy 100.000 (99.930)	Time 2.19
train_accuracy 99.929
Test: [0/20]	Loss 0.2196 (0.2196)	Accuracy 93.750 (93.750)
one epoch duration:9.359581232070923
Epoch #148, Learning rate: 0.0010000000000000002
Epoch: [148][49/176]	Loss 0.0059 (0.0032)	Accuracy 99.609 (99.922)	Time 2.11
Epoch: [148][99/176]	Loss 0.0031 (0.0031)	Accuracy 100.000 (99.930)	Time 2.15
Epoch: [148][149/176]	Loss 0.0021 (0.0030)	Accuracy 100.000 (99.930)	Time 2.19
train_accuracy 99.929
Test: [0/20]	Loss 0.2012 (0.2012)	Accuracy 92.578 (92.578)
one epoch duration:9.526173114776611
Epoch #149, Learning rate: 0.0010000000000000002
Epoch: [149][49/176]	Loss 0.0025 (0.0032)	Accuracy 100.000 (99.930)	Time 2.21
Epoch: [149][99/176]	Loss 0.0039 (0.0028)	Accuracy 100.000 (99.949)	Time 2.24
Epoch: [149][149/176]	Loss 0.0009 (0.0027)	Accuracy 100.000 (99.948)	Time 2.23
train_accuracy 99.949
Test: [0/20]	Loss 0.2834 (0.2834)	Accuracy 93.750 (93.750)
one epoch duration:12.15185546875
Epoch #150, Learning rate: 0.0010000000000000002
Epoch: [150][49/176]	Loss 0.0010 (0.0036)	Accuracy 100.000 (99.914)	Time 2.15
Epoch: [150][99/176]	Loss 0.0011 (0.0032)	Accuracy 100.000 (99.922)	Time 2.17
Epoch: [150][149/176]	Loss 0.0010 (0.0030)	Accuracy 100.000 (99.935)	Time 2.06
train_accuracy 99.942
Test: [0/20]	Loss 0.2206 (0.2206)	Accuracy 94.531 (94.531)
one epoch duration:9.279369354248047
Epoch #151, Learning rate: 0.0010000000000000002
Epoch: [151][49/176]	Loss 0.0028 (0.0023)	Accuracy 100.000 (99.953)	Time 2.15
Epoch: [151][99/176]	Loss 0.0008 (0.0026)	Accuracy 100.000 (99.953)	Time 2.15
Epoch: [151][149/176]	Loss 0.0006 (0.0025)	Accuracy 100.000 (99.961)	Time 2.20
train_accuracy 99.964
Test: [0/20]	Loss 0.1375 (0.1375)	Accuracy 95.703 (95.703)
one epoch duration:9.511365175247192
Epoch #152, Learning rate: 0.0010000000000000002
Epoch: [152][49/176]	Loss 0.0015 (0.0026)	Accuracy 100.000 (99.953)	Time 2.17
Epoch: [152][99/176]	Loss 0.0048 (0.0029)	Accuracy 100.000 (99.949)	Time 2.15
Epoch: [152][149/176]	Loss 0.0027 (0.0028)	Accuracy 100.000 (99.948)	Time 1.92
train_accuracy 99.953
Test: [0/20]	Loss 0.2473 (0.2473)	Accuracy 93.750 (93.750)
one epoch duration:9.268186092376709
Epoch #153, Learning rate: 0.0010000000000000002
Epoch: [153][49/176]	Loss 0.0006 (0.0023)	Accuracy 100.000 (99.945)	Time 2.10
Epoch: [153][99/176]	Loss 0.0015 (0.0024)	Accuracy 100.000 (99.949)	Time 2.12
Epoch: [153][149/176]	Loss 0.0020 (0.0023)	Accuracy 100.000 (99.956)	Time 2.15
train_accuracy 99.949
Test: [0/20]	Loss 0.2021 (0.2021)	Accuracy 94.922 (94.922)
one epoch duration:9.394646644592285
Epoch #154, Learning rate: 0.0010000000000000002
Epoch: [154][49/176]	Loss 0.0011 (0.0030)	Accuracy 100.000 (99.922)	Time 2.17
Epoch: [154][99/176]	Loss 0.0025 (0.0030)	Accuracy 100.000 (99.934)	Time 1.97
Epoch: [154][149/176]	Loss 0.0090 (0.0027)	Accuracy 99.609 (99.943)	Time 2.00
train_accuracy 99.938
Test: [0/20]	Loss 0.2344 (0.2344)	Accuracy 94.141 (94.141)
one epoch duration:9.122300148010254
Epoch #155, Learning rate: 0.0010000000000000002
Epoch: [155][49/176]	Loss 0.0014 (0.0026)	Accuracy 100.000 (99.977)	Time 2.32
Epoch: [155][99/176]	Loss 0.0033 (0.0023)	Accuracy 100.000 (99.965)	Time 2.25
Epoch: [155][149/176]	Loss 0.0005 (0.0023)	Accuracy 100.000 (99.956)	Time 2.12
train_accuracy 99.956
Test: [0/20]	Loss 0.1910 (0.1910)	Accuracy 95.312 (95.312)
one epoch duration:9.695253372192383
Epoch #156, Learning rate: 0.0010000000000000002
Epoch: [156][49/176]	Loss 0.0008 (0.0020)	Accuracy 100.000 (99.961)	Time 2.11
Epoch: [156][99/176]	Loss 0.0007 (0.0023)	Accuracy 100.000 (99.949)	Time 1.95
Epoch: [156][149/176]	Loss 0.0015 (0.0022)	Accuracy 100.000 (99.951)	Time 2.23
train_accuracy 99.958
Test: [0/20]	Loss 0.2212 (0.2212)	Accuracy 94.141 (94.141)
one epoch duration:9.501311302185059
Epoch #157, Learning rate: 0.0010000000000000002
Epoch: [157][49/176]	Loss 0.0010 (0.0032)	Accuracy 100.000 (99.914)	Time 2.16
Epoch: [157][99/176]	Loss 0.0020 (0.0031)	Accuracy 100.000 (99.926)	Time 2.14
Epoch: [157][149/176]	Loss 0.0021 (0.0033)	Accuracy 100.000 (99.919)	Time 2.16
train_accuracy 99.918
Test: [0/20]	Loss 0.2431 (0.2431)	Accuracy 95.312 (95.312)
one epoch duration:11.650261878967285
Epoch #158, Learning rate: 0.0010000000000000002
Epoch: [158][49/176]	Loss 0.0011 (0.0029)	Accuracy 100.000 (99.930)	Time 2.09
Epoch: [158][99/176]	Loss 0.0044 (0.0028)	Accuracy 99.609 (99.918)	Time 2.16
Epoch: [158][149/176]	Loss 0.0040 (0.0028)	Accuracy 100.000 (99.930)	Time 2.12
train_accuracy 99.936
Test: [0/20]	Loss 0.2844 (0.2844)	Accuracy 92.969 (92.969)
one epoch duration:9.43811297416687
Epoch #159, Learning rate: 0.0010000000000000002
Epoch: [159][49/176]	Loss 0.0028 (0.0032)	Accuracy 100.000 (99.922)	Time 2.21
Epoch: [159][99/176]	Loss 0.0012 (0.0030)	Accuracy 100.000 (99.938)	Time 2.17
Epoch: [159][149/176]	Loss 0.0058 (0.0027)	Accuracy 99.609 (99.940)	Time 2.13
train_accuracy 99.938
Test: [0/20]	Loss 0.1989 (0.1989)	Accuracy 93.750 (93.750)
one epoch duration:9.433991193771362
Performance on the test data set
Test: [0/20]	Loss 0.2218 (0.2218)	Accuracy 93.750 (93.750)
* best SA = 93.79999986572265, Epoch = 158
====== PRE-TRAIN DONE — checkpoint: /scratch/s25017/MUKSB/Classification/checkpoints/vgg16_bn_cifar10/0model_SA_best.pth.tar ======
